<?xml version="1.0" encoding="UTF-8"?>
<testng-results ignored="0" total="1" passed="1" failed="0" skipped="0">
  <reporter-output>
  </reporter-output>
  <suite started-at="2022-12-20T22:43:01 IST" name="Default suite" finished-at="2022-12-20T22:43:08 IST" duration-ms="6154">
    <groups>
    </groups>
    <test started-at="2022-12-20T22:43:01 IST" name="Default test" finished-at="2022-12-20T22:43:08 IST" duration-ms="6154">
      <class name="practice.DeleteOperationUsingBdd">
        <test-method signature="deleteOperationTest()[pri:0, instance:practice.DeleteOperationUsingBdd@4b14c583]" started-at="2022-12-20T22:43:01 IST" name="deleteOperationTest" finished-at="2022-12-20T22:43:07 IST" duration-ms="6026" status="PASS">
          <reporter-output>
          </reporter-output>
        </test-method> <!-- deleteOperationTest -->
      </class> <!-- practice.DeleteOperationUsingBdd -->
    </test> <!-- Default test -->
  </suite> <!-- Default suite -->
</testng-results>
